<?xml version="1.0" encoding="UTF-8"?>
<!-- Generated by org.testng.reporters.JUnitReportReporter -->
<testsuite hostname="LAPTOP-BFT9M22G" name="amazonTestCase.AmazonSearch" tests="1" failures="0" timestamp="29 Apr 2020 05:33:53 GMT" time="100.763" errors="0">
  <testcase name="firstRun" time="100.763" classname="amazonTestCase.AmazonSearch"/>
</testsuite> <!-- amazonTestCase.AmazonSearch -->
