<?xml version="1.0" encoding="UTF-8"?>
<!-- Generated by org.testng.reporters.JUnitReportReporter -->
<testsuite hostname="LAPTOP-BFT9M22G" name="amazonTestCase.AmazonLoginDemoTest" tests="1" failures="0" timestamp="29 Apr 2020 04:52:54 GMT" time="64.394" errors="0">
  <testcase name="firstRun" time="64.394" classname="amazonTestCase.AmazonLoginDemoTest"/>
</testsuite> <!-- amazonTestCase.AmazonLoginDemoTest -->
